The system is: Linux - 6.2.0-36-generic - riscv64
Compiling the C compiler identification source file "CMakeCCompilerId.c" succeeded.
Compiler: /usr/bin/cc 
Build flags: 
Id flags:  

The output was:
0


Compilation of the C compiler identification source "CMakeCCompilerId.c" produced "a.out"

The C compiler identification is GNU, found in "/workspace/build_rv/CMakeFiles/3.16.3/CompilerIdC/a.out"

Compiling the CXX compiler identification source file "CMakeCXXCompilerId.cpp" succeeded.
Compiler: /usr/bin/c++ 
Build flags: 
Id flags:  

The output was:
0


Compilation of the CXX compiler identification source "CMakeCXXCompilerId.cpp" produced "a.out"

The CXX compiler identification is GNU, found in "/workspace/build_rv/CMakeFiles/3.16.3/CompilerIdCXX/a.out"

Determining if the C compiler works passed with the following output:
Change Dir: /workspace/build_rv/CMakeFiles/CMakeTmp

Run Build Command(s):/usr/bin/make cmTC_354d5/fast && /usr/bin/make -f CMakeFiles/cmTC_354d5.dir/build.make CMakeFiles/cmTC_354d5.dir/build
make[1]: Entering directory '/workspace/build_rv/CMakeFiles/CMakeTmp'
Building C object CMakeFiles/cmTC_354d5.dir/testCCompiler.c.o
/usr/bin/cc    -o CMakeFiles/cmTC_354d5.dir/testCCompiler.c.o   -c /workspace/build_rv/CMakeFiles/CMakeTmp/testCCompiler.c
Linking C executable cmTC_354d5
/usr/bin/cmake -E cmake_link_script CMakeFiles/cmTC_354d5.dir/link.txt --verbose=1
/usr/bin/cc      CMakeFiles/cmTC_354d5.dir/testCCompiler.c.o  -o cmTC_354d5 
make[1]: Leaving directory '/workspace/build_rv/CMakeFiles/CMakeTmp'



Detecting C compiler ABI info compiled with the following output:
Change Dir: /workspace/build_rv/CMakeFiles/CMakeTmp

Run Build Command(s):/usr/bin/make cmTC_e7a77/fast && /usr/bin/make -f CMakeFiles/cmTC_e7a77.dir/build.make CMakeFiles/cmTC_e7a77.dir/build
make[1]: Entering directory '/workspace/build_rv/CMakeFiles/CMakeTmp'
Building C object CMakeFiles/cmTC_e7a77.dir/CMakeCCompilerABI.c.o
/usr/bin/cc   -v -o CMakeFiles/cmTC_e7a77.dir/CMakeCCompilerABI.c.o   -c /usr/share/cmake-3.16/Modules/CMakeCCompilerABI.c
Using built-in specs.
COLLECT_GCC=/usr/bin/cc
Target: riscv64-linux-gnu
Configured with: ../src/configure -v --with-pkgversion='Ubuntu 9.4.0-1ubuntu1~20.04.2' --with-bugurl=file:///usr/share/doc/gcc-9/README.Bugs --enable-languages=c,ada,c++,go,d,fortran,objc,obj-c++,gm2 --prefix=/usr --with-gcc-major-version-only --program-suffix=-9 --program-prefix=riscv64-linux-gnu- --enable-shared --enable-linker-build-id --libexecdir=/usr/lib --without-included-gettext --enable-threads=posix --libdir=/usr/lib --enable-nls --enable-clocale=gnu --enable-libstdcxx-debug --enable-libstdcxx-time=yes --with-default-libstdcxx-abi=new --enable-gnu-unique-object --disable-libitm --disable-libsanitizer --disable-libquadmath --disable-libquadmath-support --enable-plugin --enable-default-pie --with-system-zlib --with-target-system-zlib=auto --enable-objc-gc=auto --enable-multiarch --disable-werror --disable-multilib --with-arch=rv64imafdc --with-abi=lp64d --enable-checking=release --build=riscv64-linux-gnu --host=riscv64-linux-gnu --target=riscv64-linux-gnu
Thread model: posix
gcc version 9.4.0 (Ubuntu 9.4.0-1ubuntu1~20.04.2) 
COLLECT_GCC_OPTIONS='-v' '-o' 'CMakeFiles/cmTC_e7a77.dir/CMakeCCompilerABI.c.o' '-c' '-march=rv64imafdc' '-mabi=lp64d'
 /usr/lib/gcc/riscv64-linux-gnu/9/cc1 -quiet -v -imultilib . -imultiarch riscv64-linux-gnu /usr/share/cmake-3.16/Modules/CMakeCCompilerABI.c -quiet -dumpbase CMakeCCompilerABI.c -march=rv64imafdc -mabi=lp64d -auxbase-strip CMakeFiles/cmTC_e7a77.dir/CMakeCCompilerABI.c.o -version -fstack-protector-strong -Wformat -Wformat-security -o /tmp/cc0eaRKB.s
GNU C17 (Ubuntu 9.4.0-1ubuntu1~20.04.2) version 9.4.0 (riscv64-linux-gnu)
	compiled by GNU C version 9.4.0, GMP version 6.2.0, MPFR version 4.0.2, MPC version 1.1.0, isl version isl-0.22.1-GMP

GGC heuristics: --param ggc-min-expand=100 --param ggc-min-heapsize=131072
ignoring nonexistent directory "/usr/local/include/riscv64-linux-gnu"
ignoring nonexistent directory "/usr/lib/gcc/riscv64-linux-gnu/9/include-fixed"
ignoring nonexistent directory "/usr/lib/gcc/riscv64-linux-gnu/9/../../../../riscv64-linux-gnu/include"
#include "..." search starts here:
#include <...> search starts here:
 /usr/lib/gcc/riscv64-linux-gnu/9/include
 /usr/local/include
 /usr/include/riscv64-linux-gnu
 /usr/include
End of search list.
GNU C17 (Ubuntu 9.4.0-1ubuntu1~20.04.2) version 9.4.0 (riscv64-linux-gnu)
	compiled by GNU C version 9.4.0, GMP version 6.2.0, MPFR version 4.0.2, MPC version 1.1.0, isl version isl-0.22.1-GMP

GGC heuristics: --param ggc-min-expand=100 --param ggc-min-heapsize=131072
Compiler executable checksum: 1a8a4f94aff9f968b2d4d2d0cbd68f46
COLLECT_GCC_OPTIONS='-v' '-o' 'CMakeFiles/cmTC_e7a77.dir/CMakeCCompilerABI.c.o' '-c' '-march=rv64imafdc' '-mabi=lp64d'
 as -v --traditional-format -fpic -march=rv64imafdc -mabi=lp64d -o CMakeFiles/cmTC_e7a77.dir/CMakeCCompilerABI.c.o /tmp/cc0eaRKB.s
GNU assembler version 2.34 (riscv64-linux-gnu) using BFD version (GNU Binutils for Ubuntu) 2.34
COMPILER_PATH=/usr/lib/gcc/riscv64-linux-gnu/9/:/usr/lib/gcc/riscv64-linux-gnu/9/:/usr/lib/gcc/riscv64-linux-gnu/:/usr/lib/gcc/riscv64-linux-gnu/9/:/usr/lib/gcc/riscv64-linux-gnu/
LIBRARY_PATH=/usr/lib/gcc/riscv64-linux-gnu/9/:/lib/riscv64-linux-gnu/:/lib/:/usr/lib/riscv64-linux-gnu/:/usr/lib/
COLLECT_GCC_OPTIONS='-v' '-o' 'CMakeFiles/cmTC_e7a77.dir/CMakeCCompilerABI.c.o' '-c' '-march=rv64imafdc' '-mabi=lp64d'
Linking C executable cmTC_e7a77
/usr/bin/cmake -E cmake_link_script CMakeFiles/cmTC_e7a77.dir/link.txt --verbose=1
/usr/bin/cc     -v CMakeFiles/cmTC_e7a77.dir/CMakeCCompilerABI.c.o  -o cmTC_e7a77 
Using built-in specs.
COLLECT_GCC=/usr/bin/cc
COLLECT_LTO_WRAPPER=/usr/lib/gcc/riscv64-linux-gnu/9/lto-wrapper
Target: riscv64-linux-gnu
Configured with: ../src/configure -v --with-pkgversion='Ubuntu 9.4.0-1ubuntu1~20.04.2' --with-bugurl=file:///usr/share/doc/gcc-9/README.Bugs --enable-languages=c,ada,c++,go,d,fortran,objc,obj-c++,gm2 --prefix=/usr --with-gcc-major-version-only --program-suffix=-9 --program-prefix=riscv64-linux-gnu- --enable-shared --enable-linker-build-id --libexecdir=/usr/lib --without-included-gettext --enable-threads=posix --libdir=/usr/lib --enable-nls --enable-clocale=gnu --enable-libstdcxx-debug --enable-libstdcxx-time=yes --with-default-libstdcxx-abi=new --enable-gnu-unique-object --disable-libitm --disable-libsanitizer --disable-libquadmath --disable-libquadmath-support --enable-plugin --enable-default-pie --with-system-zlib --with-target-system-zlib=auto --enable-objc-gc=auto --enable-multiarch --disable-werror --disable-multilib --with-arch=rv64imafdc --with-abi=lp64d --enable-checking=release --build=riscv64-linux-gnu --host=riscv64-linux-gnu --target=riscv64-linux-gnu
Thread model: posix
gcc version 9.4.0 (Ubuntu 9.4.0-1ubuntu1~20.04.2) 
COMPILER_PATH=/usr/lib/gcc/riscv64-linux-gnu/9/:/usr/lib/gcc/riscv64-linux-gnu/9/:/usr/lib/gcc/riscv64-linux-gnu/:/usr/lib/gcc/riscv64-linux-gnu/9/:/usr/lib/gcc/riscv64-linux-gnu/
LIBRARY_PATH=/usr/lib/gcc/riscv64-linux-gnu/9/:/lib/riscv64-linux-gnu/:/lib/:/usr/lib/riscv64-linux-gnu/:/usr/lib/
COLLECT_GCC_OPTIONS='-v' '-o' 'cmTC_e7a77' '-march=rv64imafdc' '-mabi=lp64d'
 /usr/lib/gcc/riscv64-linux-gnu/9/collect2 -plugin /usr/lib/gcc/riscv64-linux-gnu/9/liblto_plugin.so -plugin-opt=/usr/lib/gcc/riscv64-linux-gnu/9/lto-wrapper -plugin-opt=-fresolution=/tmp/ccUAs2cU.res -plugin-opt=-pass-through=-lgcc -plugin-opt=-pass-through=-lgcc_s -plugin-opt=-pass-through=-lc -plugin-opt=-pass-through=-lgcc -plugin-opt=-pass-through=-lgcc_s --build-id --eh-frame-hdr -hash-style=gnu --as-needed -melf64lriscv -dynamic-linker /lib/ld-linux-riscv64-lp64d.so.1 -pie -z now -z relro -o cmTC_e7a77 /lib/riscv64-linux-gnu/Scrt1.o /usr/lib/gcc/riscv64-linux-gnu/9/crti.o /usr/lib/gcc/riscv64-linux-gnu/9/crtbeginS.o -L/usr/lib/gcc/riscv64-linux-gnu/9 -L/lib/riscv64-linux-gnu -L/usr/lib/riscv64-linux-gnu CMakeFiles/cmTC_e7a77.dir/CMakeCCompilerABI.c.o -lgcc --push-state --as-needed -lgcc_s --pop-state -lc -lgcc --push-state --as-needed -lgcc_s --pop-state /usr/lib/gcc/riscv64-linux-gnu/9/crtendS.o /usr/lib/gcc/riscv64-linux-gnu/9/crtn.o
COLLECT_GCC_OPTIONS='-v' '-o' 'cmTC_e7a77' '-march=rv64imafdc' '-mabi=lp64d'
make[1]: Leaving directory '/workspace/build_rv/CMakeFiles/CMakeTmp'



Parsed C implicit include dir info from above output: rv=done
  found start of include info
  found start of implicit include info
    add: [/usr/lib/gcc/riscv64-linux-gnu/9/include]
    add: [/usr/local/include]
    add: [/usr/include/riscv64-linux-gnu]
    add: [/usr/include]
  end of search list found
  collapse include dir [/usr/lib/gcc/riscv64-linux-gnu/9/include] ==> [/usr/lib/gcc/riscv64-linux-gnu/9/include]
  collapse include dir [/usr/local/include] ==> [/usr/local/include]
  collapse include dir [/usr/include/riscv64-linux-gnu] ==> [/usr/include/riscv64-linux-gnu]
  collapse include dir [/usr/include] ==> [/usr/include]
  implicit include dirs: [/usr/lib/gcc/riscv64-linux-gnu/9/include;/usr/local/include;/usr/include/riscv64-linux-gnu;/usr/include]


Parsed C implicit link information from above output:
  link line regex: [^( *|.*[/\])(ld|CMAKE_LINK_STARTFILE-NOTFOUND|([^/\]+-)?ld|collect2)[^/\]*( |$)]
  ignore line: [Change Dir: /workspace/build_rv/CMakeFiles/CMakeTmp]
  ignore line: []
  ignore line: [Run Build Command(s):/usr/bin/make cmTC_e7a77/fast && /usr/bin/make -f CMakeFiles/cmTC_e7a77.dir/build.make CMakeFiles/cmTC_e7a77.dir/build]
  ignore line: [make[1]: Entering directory '/workspace/build_rv/CMakeFiles/CMakeTmp']
  ignore line: [Building C object CMakeFiles/cmTC_e7a77.dir/CMakeCCompilerABI.c.o]
  ignore line: [/usr/bin/cc   -v -o CMakeFiles/cmTC_e7a77.dir/CMakeCCompilerABI.c.o   -c /usr/share/cmake-3.16/Modules/CMakeCCompilerABI.c]
  ignore line: [Using built-in specs.]
  ignore line: [COLLECT_GCC=/usr/bin/cc]
  ignore line: [Target: riscv64-linux-gnu]
  ignore line: [Configured with: ../src/configure -v --with-pkgversion='Ubuntu 9.4.0-1ubuntu1~20.04.2' --with-bugurl=file:///usr/share/doc/gcc-9/README.Bugs --enable-languages=c ada c++ go d fortran objc obj-c++ gm2 --prefix=/usr --with-gcc-major-version-only --program-suffix=-9 --program-prefix=riscv64-linux-gnu- --enable-shared --enable-linker-build-id --libexecdir=/usr/lib --without-included-gettext --enable-threads=posix --libdir=/usr/lib --enable-nls --enable-clocale=gnu --enable-libstdcxx-debug --enable-libstdcxx-time=yes --with-default-libstdcxx-abi=new --enable-gnu-unique-object --disable-libitm --disable-libsanitizer --disable-libquadmath --disable-libquadmath-support --enable-plugin --enable-default-pie --with-system-zlib --with-target-system-zlib=auto --enable-objc-gc=auto --enable-multiarch --disable-werror --disable-multilib --with-arch=rv64imafdc --with-abi=lp64d --enable-checking=release --build=riscv64-linux-gnu --host=riscv64-linux-gnu --target=riscv64-linux-gnu]
  ignore line: [Thread model: posix]
  ignore line: [gcc version 9.4.0 (Ubuntu 9.4.0-1ubuntu1~20.04.2) ]
  ignore line: [COLLECT_GCC_OPTIONS='-v' '-o' 'CMakeFiles/cmTC_e7a77.dir/CMakeCCompilerABI.c.o' '-c' '-march=rv64imafdc' '-mabi=lp64d']
  ignore line: [ /usr/lib/gcc/riscv64-linux-gnu/9/cc1 -quiet -v -imultilib . -imultiarch riscv64-linux-gnu /usr/share/cmake-3.16/Modules/CMakeCCompilerABI.c -quiet -dumpbase CMakeCCompilerABI.c -march=rv64imafdc -mabi=lp64d -auxbase-strip CMakeFiles/cmTC_e7a77.dir/CMakeCCompilerABI.c.o -version -fstack-protector-strong -Wformat -Wformat-security -o /tmp/cc0eaRKB.s]
  ignore line: [GNU C17 (Ubuntu 9.4.0-1ubuntu1~20.04.2) version 9.4.0 (riscv64-linux-gnu)]
  ignore line: [	compiled by GNU C version 9.4.0  GMP version 6.2.0  MPFR version 4.0.2  MPC version 1.1.0  isl version isl-0.22.1-GMP]
  ignore line: []
  ignore line: [GGC heuristics: --param ggc-min-expand=100 --param ggc-min-heapsize=131072]
  ignore line: [ignoring nonexistent directory "/usr/local/include/riscv64-linux-gnu"]
  ignore line: [ignoring nonexistent directory "/usr/lib/gcc/riscv64-linux-gnu/9/include-fixed"]
  ignore line: [ignoring nonexistent directory "/usr/lib/gcc/riscv64-linux-gnu/9/../../../../riscv64-linux-gnu/include"]
  ignore line: [#include "..." search starts here:]
  ignore line: [#include <...> search starts here:]
  ignore line: [ /usr/lib/gcc/riscv64-linux-gnu/9/include]
  ignore line: [ /usr/local/include]
  ignore line: [ /usr/include/riscv64-linux-gnu]
  ignore line: [ /usr/include]
  ignore line: [End of search list.]
  ignore line: [GNU C17 (Ubuntu 9.4.0-1ubuntu1~20.04.2) version 9.4.0 (riscv64-linux-gnu)]
  ignore line: [	compiled by GNU C version 9.4.0  GMP version 6.2.0  MPFR version 4.0.2  MPC version 1.1.0  isl version isl-0.22.1-GMP]
  ignore line: []
  ignore line: [GGC heuristics: --param ggc-min-expand=100 --param ggc-min-heapsize=131072]
  ignore line: [Compiler executable checksum: 1a8a4f94aff9f968b2d4d2d0cbd68f46]
  ignore line: [COLLECT_GCC_OPTIONS='-v' '-o' 'CMakeFiles/cmTC_e7a77.dir/CMakeCCompilerABI.c.o' '-c' '-march=rv64imafdc' '-mabi=lp64d']
  ignore line: [ as -v --traditional-format -fpic -march=rv64imafdc -mabi=lp64d -o CMakeFiles/cmTC_e7a77.dir/CMakeCCompilerABI.c.o /tmp/cc0eaRKB.s]
  ignore line: [GNU assembler version 2.34 (riscv64-linux-gnu) using BFD version (GNU Binutils for Ubuntu) 2.34]
  ignore line: [COMPILER_PATH=/usr/lib/gcc/riscv64-linux-gnu/9/:/usr/lib/gcc/riscv64-linux-gnu/9/:/usr/lib/gcc/riscv64-linux-gnu/:/usr/lib/gcc/riscv64-linux-gnu/9/:/usr/lib/gcc/riscv64-linux-gnu/]
  ignore line: [LIBRARY_PATH=/usr/lib/gcc/riscv64-linux-gnu/9/:/lib/riscv64-linux-gnu/:/lib/:/usr/lib/riscv64-linux-gnu/:/usr/lib/]
  ignore line: [COLLECT_GCC_OPTIONS='-v' '-o' 'CMakeFiles/cmTC_e7a77.dir/CMakeCCompilerABI.c.o' '-c' '-march=rv64imafdc' '-mabi=lp64d']
  ignore line: [Linking C executable cmTC_e7a77]
  ignore line: [/usr/bin/cmake -E cmake_link_script CMakeFiles/cmTC_e7a77.dir/link.txt --verbose=1]
  ignore line: [/usr/bin/cc     -v CMakeFiles/cmTC_e7a77.dir/CMakeCCompilerABI.c.o  -o cmTC_e7a77 ]
  ignore line: [Using built-in specs.]
  ignore line: [COLLECT_GCC=/usr/bin/cc]
  ignore line: [COLLECT_LTO_WRAPPER=/usr/lib/gcc/riscv64-linux-gnu/9/lto-wrapper]
  ignore line: [Target: riscv64-linux-gnu]
  ignore line: [Configured with: ../src/configure -v --with-pkgversion='Ubuntu 9.4.0-1ubuntu1~20.04.2' --with-bugurl=file:///usr/share/doc/gcc-9/README.Bugs --enable-languages=c ada c++ go d fortran objc obj-c++ gm2 --prefix=/usr --with-gcc-major-version-only --program-suffix=-9 --program-prefix=riscv64-linux-gnu- --enable-shared --enable-linker-build-id --libexecdir=/usr/lib --without-included-gettext --enable-threads=posix --libdir=/usr/lib --enable-nls --enable-clocale=gnu --enable-libstdcxx-debug --enable-libstdcxx-time=yes --with-default-libstdcxx-abi=new --enable-gnu-unique-object --disable-libitm --disable-libsanitizer --disable-libquadmath --disable-libquadmath-support --enable-plugin --enable-default-pie --with-system-zlib --with-target-system-zlib=auto --enable-objc-gc=auto --enable-multiarch --disable-werror --disable-multilib --with-arch=rv64imafdc --with-abi=lp64d --enable-checking=release --build=riscv64-linux-gnu --host=riscv64-linux-gnu --target=riscv64-linux-gnu]
  ignore line: [Thread model: posix]
  ignore line: [gcc version 9.4.0 (Ubuntu 9.4.0-1ubuntu1~20.04.2) ]
  ignore line: [COMPILER_PATH=/usr/lib/gcc/riscv64-linux-gnu/9/:/usr/lib/gcc/riscv64-linux-gnu/9/:/usr/lib/gcc/riscv64-linux-gnu/:/usr/lib/gcc/riscv64-linux-gnu/9/:/usr/lib/gcc/riscv64-linux-gnu/]
  ignore line: [LIBRARY_PATH=/usr/lib/gcc/riscv64-linux-gnu/9/:/lib/riscv64-linux-gnu/:/lib/:/usr/lib/riscv64-linux-gnu/:/usr/lib/]
  ignore line: [COLLECT_GCC_OPTIONS='-v' '-o' 'cmTC_e7a77' '-march=rv64imafdc' '-mabi=lp64d']
  link line: [ /usr/lib/gcc/riscv64-linux-gnu/9/collect2 -plugin /usr/lib/gcc/riscv64-linux-gnu/9/liblto_plugin.so -plugin-opt=/usr/lib/gcc/riscv64-linux-gnu/9/lto-wrapper -plugin-opt=-fresolution=/tmp/ccUAs2cU.res -plugin-opt=-pass-through=-lgcc -plugin-opt=-pass-through=-lgcc_s -plugin-opt=-pass-through=-lc -plugin-opt=-pass-through=-lgcc -plugin-opt=-pass-through=-lgcc_s --build-id --eh-frame-hdr -hash-style=gnu --as-needed -melf64lriscv -dynamic-linker /lib/ld-linux-riscv64-lp64d.so.1 -pie -z now -z relro -o cmTC_e7a77 /lib/riscv64-linux-gnu/Scrt1.o /usr/lib/gcc/riscv64-linux-gnu/9/crti.o /usr/lib/gcc/riscv64-linux-gnu/9/crtbeginS.o -L/usr/lib/gcc/riscv64-linux-gnu/9 -L/lib/riscv64-linux-gnu -L/usr/lib/riscv64-linux-gnu CMakeFiles/cmTC_e7a77.dir/CMakeCCompilerABI.c.o -lgcc --push-state --as-needed -lgcc_s --pop-state -lc -lgcc --push-state --as-needed -lgcc_s --pop-state /usr/lib/gcc/riscv64-linux-gnu/9/crtendS.o /usr/lib/gcc/riscv64-linux-gnu/9/crtn.o]
    arg [/usr/lib/gcc/riscv64-linux-gnu/9/collect2] ==> ignore
    arg [-plugin] ==> ignore
    arg [/usr/lib/gcc/riscv64-linux-gnu/9/liblto_plugin.so] ==> ignore
    arg [-plugin-opt=/usr/lib/gcc/riscv64-linux-gnu/9/lto-wrapper] ==> ignore
    arg [-plugin-opt=-fresolution=/tmp/ccUAs2cU.res] ==> ignore
    arg [-plugin-opt=-pass-through=-lgcc] ==> ignore
    arg [-plugin-opt=-pass-through=-lgcc_s] ==> ignore
    arg [-plugin-opt=-pass-through=-lc] ==> ignore
    arg [-plugin-opt=-pass-through=-lgcc] ==> ignore
    arg [-plugin-opt=-pass-through=-lgcc_s] ==> ignore
    arg [--build-id] ==> ignore
    arg [--eh-frame-hdr] ==> ignore
    arg [-hash-style=gnu] ==> ignore
    arg [--as-needed] ==> ignore
    arg [-melf64lriscv] ==> ignore
    arg [-dynamic-linker] ==> ignore
    arg [/lib/ld-linux-riscv64-lp64d.so.1] ==> ignore
    arg [-pie] ==> ignore
    arg [-znow] ==> ignore
    arg [-zrelro] ==> ignore
    arg [-o] ==> ignore
    arg [cmTC_e7a77] ==> ignore
    arg [/lib/riscv64-linux-gnu/Scrt1.o] ==> ignore
    arg [/usr/lib/gcc/riscv64-linux-gnu/9/crti.o] ==> ignore
    arg [/usr/lib/gcc/riscv64-linux-gnu/9/crtbeginS.o] ==> ignore
    arg [-L/usr/lib/gcc/riscv64-linux-gnu/9] ==> dir [/usr/lib/gcc/riscv64-linux-gnu/9]
    arg [-L/lib/riscv64-linux-gnu] ==> dir [/lib/riscv64-linux-gnu]
    arg [-L/usr/lib/riscv64-linux-gnu] ==> dir [/usr/lib/riscv64-linux-gnu]
    arg [CMakeFiles/cmTC_e7a77.dir/CMakeCCompilerABI.c.o] ==> ignore
    arg [-lgcc] ==> lib [gcc]
    arg [--push-state] ==> ignore
    arg [--as-needed] ==> ignore
    arg [-lgcc_s] ==> lib [gcc_s]
    arg [--pop-state] ==> ignore
    arg [-lc] ==> lib [c]
    arg [-lgcc] ==> lib [gcc]
    arg [--push-state] ==> ignore
    arg [--as-needed] ==> ignore
    arg [-lgcc_s] ==> lib [gcc_s]
    arg [--pop-state] ==> ignore
    arg [/usr/lib/gcc/riscv64-linux-gnu/9/crtendS.o] ==> ignore
    arg [/usr/lib/gcc/riscv64-linux-gnu/9/crtn.o] ==> ignore
  collapse library dir [/usr/lib/gcc/riscv64-linux-gnu/9] ==> [/usr/lib/gcc/riscv64-linux-gnu/9]
  collapse library dir [/lib/riscv64-linux-gnu] ==> [/lib/riscv64-linux-gnu]
  collapse library dir [/usr/lib/riscv64-linux-gnu] ==> [/usr/lib/riscv64-linux-gnu]
  implicit libs: [gcc;gcc_s;c;gcc;gcc_s]
  implicit dirs: [/usr/lib/gcc/riscv64-linux-gnu/9;/lib/riscv64-linux-gnu;/usr/lib/riscv64-linux-gnu]
  implicit fwks: []


Determining if the CXX compiler works passed with the following output:
Change Dir: /workspace/build_rv/CMakeFiles/CMakeTmp

Run Build Command(s):/usr/bin/make cmTC_8ed10/fast && /usr/bin/make -f CMakeFiles/cmTC_8ed10.dir/build.make CMakeFiles/cmTC_8ed10.dir/build
make[1]: Entering directory '/workspace/build_rv/CMakeFiles/CMakeTmp'
Building CXX object CMakeFiles/cmTC_8ed10.dir/testCXXCompiler.cxx.o
/usr/bin/c++     -o CMakeFiles/cmTC_8ed10.dir/testCXXCompiler.cxx.o -c /workspace/build_rv/CMakeFiles/CMakeTmp/testCXXCompiler.cxx
Linking CXX executable cmTC_8ed10
/usr/bin/cmake -E cmake_link_script CMakeFiles/cmTC_8ed10.dir/link.txt --verbose=1
/usr/bin/c++       CMakeFiles/cmTC_8ed10.dir/testCXXCompiler.cxx.o  -o cmTC_8ed10 
make[1]: Leaving directory '/workspace/build_rv/CMakeFiles/CMakeTmp'



Detecting CXX compiler ABI info compiled with the following output:
Change Dir: /workspace/build_rv/CMakeFiles/CMakeTmp

Run Build Command(s):/usr/bin/make cmTC_2cb47/fast && /usr/bin/make -f CMakeFiles/cmTC_2cb47.dir/build.make CMakeFiles/cmTC_2cb47.dir/build
make[1]: Entering directory '/workspace/build_rv/CMakeFiles/CMakeTmp'
Building CXX object CMakeFiles/cmTC_2cb47.dir/CMakeCXXCompilerABI.cpp.o
/usr/bin/c++    -v -o CMakeFiles/cmTC_2cb47.dir/CMakeCXXCompilerABI.cpp.o -c /usr/share/cmake-3.16/Modules/CMakeCXXCompilerABI.cpp
Using built-in specs.
COLLECT_GCC=/usr/bin/c++
Target: riscv64-linux-gnu
Configured with: ../src/configure -v --with-pkgversion='Ubuntu 9.4.0-1ubuntu1~20.04.2' --with-bugurl=file:///usr/share/doc/gcc-9/README.Bugs --enable-languages=c,ada,c++,go,d,fortran,objc,obj-c++,gm2 --prefix=/usr --with-gcc-major-version-only --program-suffix=-9 --program-prefix=riscv64-linux-gnu- --enable-shared --enable-linker-build-id --libexecdir=/usr/lib --without-included-gettext --enable-threads=posix --libdir=/usr/lib --enable-nls --enable-clocale=gnu --enable-libstdcxx-debug --enable-libstdcxx-time=yes --with-default-libstdcxx-abi=new --enable-gnu-unique-object --disable-libitm --disable-libsanitizer --disable-libquadmath --disable-libquadmath-support --enable-plugin --enable-default-pie --with-system-zlib --with-target-system-zlib=auto --enable-objc-gc=auto --enable-multiarch --disable-werror --disable-multilib --with-arch=rv64imafdc --with-abi=lp64d --enable-checking=release --build=riscv64-linux-gnu --host=riscv64-linux-gnu --target=riscv64-linux-gnu
Thread model: posix
gcc version 9.4.0 (Ubuntu 9.4.0-1ubuntu1~20.04.2) 
COLLECT_GCC_OPTIONS='-v' '-o' 'CMakeFiles/cmTC_2cb47.dir/CMakeCXXCompilerABI.cpp.o' '-c' '-shared-libgcc' '-march=rv64imafdc' '-mabi=lp64d'
 /usr/lib/gcc/riscv64-linux-gnu/9/cc1plus -quiet -v -imultilib . -imultiarch riscv64-linux-gnu -D_GNU_SOURCE /usr/share/cmake-3.16/Modules/CMakeCXXCompilerABI.cpp -quiet -dumpbase CMakeCXXCompilerABI.cpp -march=rv64imafdc -mabi=lp64d -auxbase-strip CMakeFiles/cmTC_2cb47.dir/CMakeCXXCompilerABI.cpp.o -version -fstack-protector-strong -Wformat -Wformat-security -o /tmp/ccFdXHns.s
GNU C++14 (Ubuntu 9.4.0-1ubuntu1~20.04.2) version 9.4.0 (riscv64-linux-gnu)
	compiled by GNU C version 9.4.0, GMP version 6.2.0, MPFR version 4.0.2, MPC version 1.1.0, isl version isl-0.22.1-GMP

GGC heuristics: --param ggc-min-expand=100 --param ggc-min-heapsize=131072
ignoring duplicate directory "/usr/include/riscv64-linux-gnu/c++/9"
ignoring nonexistent directory "/usr/local/include/riscv64-linux-gnu"
ignoring nonexistent directory "/usr/lib/gcc/riscv64-linux-gnu/9/include-fixed"
ignoring nonexistent directory "/usr/lib/gcc/riscv64-linux-gnu/9/../../../../riscv64-linux-gnu/include"
#include "..." search starts here:
#include <...> search starts here:
 /usr/include/c++/9
 /usr/include/riscv64-linux-gnu/c++/9
 /usr/include/c++/9/backward
 /usr/lib/gcc/riscv64-linux-gnu/9/include
 /usr/local/include
 /usr/include/riscv64-linux-gnu
 /usr/include
End of search list.
GNU C++14 (Ubuntu 9.4.0-1ubuntu1~20.04.2) version 9.4.0 (riscv64-linux-gnu)
	compiled by GNU C version 9.4.0, GMP version 6.2.0, MPFR version 4.0.2, MPC version 1.1.0, isl version isl-0.22.1-GMP

GGC heuristics: --param ggc-min-expand=100 --param ggc-min-heapsize=131072
Compiler executable checksum: 6deccc2dfb016a552d767eab3964964e
COLLECT_GCC_OPTIONS='-v' '-o' 'CMakeFiles/cmTC_2cb47.dir/CMakeCXXCompilerABI.cpp.o' '-c' '-shared-libgcc' '-march=rv64imafdc' '-mabi=lp64d'
 as -v --traditional-format -fpic -march=rv64imafdc -mabi=lp64d -o CMakeFiles/cmTC_2cb47.dir/CMakeCXXCompilerABI.cpp.o /tmp/ccFdXHns.s
GNU assembler version 2.34 (riscv64-linux-gnu) using BFD version (GNU Binutils for Ubuntu) 2.34
COMPILER_PATH=/usr/lib/gcc/riscv64-linux-gnu/9/:/usr/lib/gcc/riscv64-linux-gnu/9/:/usr/lib/gcc/riscv64-linux-gnu/:/usr/lib/gcc/riscv64-linux-gnu/9/:/usr/lib/gcc/riscv64-linux-gnu/
LIBRARY_PATH=/usr/lib/gcc/riscv64-linux-gnu/9/:/lib/riscv64-linux-gnu/:/lib/:/usr/lib/riscv64-linux-gnu/:/usr/lib/
COLLECT_GCC_OPTIONS='-v' '-o' 'CMakeFiles/cmTC_2cb47.dir/CMakeCXXCompilerABI.cpp.o' '-c' '-shared-libgcc' '-march=rv64imafdc' '-mabi=lp64d'
Linking CXX executable cmTC_2cb47
/usr/bin/cmake -E cmake_link_script CMakeFiles/cmTC_2cb47.dir/link.txt --verbose=1
/usr/bin/c++      -v CMakeFiles/cmTC_2cb47.dir/CMakeCXXCompilerABI.cpp.o  -o cmTC_2cb47 
Using built-in specs.
COLLECT_GCC=/usr/bin/c++
COLLECT_LTO_WRAPPER=/usr/lib/gcc/riscv64-linux-gnu/9/lto-wrapper
Target: riscv64-linux-gnu
Configured with: ../src/configure -v --with-pkgversion='Ubuntu 9.4.0-1ubuntu1~20.04.2' --with-bugurl=file:///usr/share/doc/gcc-9/README.Bugs --enable-languages=c,ada,c++,go,d,fortran,objc,obj-c++,gm2 --prefix=/usr --with-gcc-major-version-only --program-suffix=-9 --program-prefix=riscv64-linux-gnu- --enable-shared --enable-linker-build-id --libexecdir=/usr/lib --without-included-gettext --enable-threads=posix --libdir=/usr/lib --enable-nls --enable-clocale=gnu --enable-libstdcxx-debug --enable-libstdcxx-time=yes --with-default-libstdcxx-abi=new --enable-gnu-unique-object --disable-libitm --disable-libsanitizer --disable-libquadmath --disable-libquadmath-support --enable-plugin --enable-default-pie --with-system-zlib --with-target-system-zlib=auto --enable-objc-gc=auto --enable-multiarch --disable-werror --disable-multilib --with-arch=rv64imafdc --with-abi=lp64d --enable-checking=release --build=riscv64-linux-gnu --host=riscv64-linux-gnu --target=riscv64-linux-gnu
Thread model: posix
gcc version 9.4.0 (Ubuntu 9.4.0-1ubuntu1~20.04.2) 
COMPILER_PATH=/usr/lib/gcc/riscv64-linux-gnu/9/:/usr/lib/gcc/riscv64-linux-gnu/9/:/usr/lib/gcc/riscv64-linux-gnu/:/usr/lib/gcc/riscv64-linux-gnu/9/:/usr/lib/gcc/riscv64-linux-gnu/
LIBRARY_PATH=/usr/lib/gcc/riscv64-linux-gnu/9/:/lib/riscv64-linux-gnu/:/lib/:/usr/lib/riscv64-linux-gnu/:/usr/lib/
COLLECT_GCC_OPTIONS='-v' '-o' 'cmTC_2cb47' '-shared-libgcc' '-march=rv64imafdc' '-mabi=lp64d'
 /usr/lib/gcc/riscv64-linux-gnu/9/collect2 -plugin /usr/lib/gcc/riscv64-linux-gnu/9/liblto_plugin.so -plugin-opt=/usr/lib/gcc/riscv64-linux-gnu/9/lto-wrapper -plugin-opt=-fresolution=/tmp/ccZknl3R.res -plugin-opt=-pass-through=-lgcc_s -plugin-opt=-pass-through=-lgcc -plugin-opt=-pass-through=-lc -plugin-opt=-pass-through=-lgcc_s -plugin-opt=-pass-through=-lgcc --build-id --eh-frame-hdr -hash-style=gnu --as-needed -melf64lriscv -dynamic-linker /lib/ld-linux-riscv64-lp64d.so.1 -pie -z now -z relro -o cmTC_2cb47 /lib/riscv64-linux-gnu/Scrt1.o /usr/lib/gcc/riscv64-linux-gnu/9/crti.o /usr/lib/gcc/riscv64-linux-gnu/9/crtbeginS.o -L/usr/lib/gcc/riscv64-linux-gnu/9 -L/lib/riscv64-linux-gnu -L/usr/lib/riscv64-linux-gnu CMakeFiles/cmTC_2cb47.dir/CMakeCXXCompilerABI.cpp.o -lstdc++ -lm -lgcc_s -lgcc -lc -lgcc_s -lgcc /usr/lib/gcc/riscv64-linux-gnu/9/crtendS.o /usr/lib/gcc/riscv64-linux-gnu/9/crtn.o
COLLECT_GCC_OPTIONS='-v' '-o' 'cmTC_2cb47' '-shared-libgcc' '-march=rv64imafdc' '-mabi=lp64d'
make[1]: Leaving directory '/workspace/build_rv/CMakeFiles/CMakeTmp'



Parsed CXX implicit include dir info from above output: rv=done
  found start of include info
  found start of implicit include info
    add: [/usr/include/c++/9]
    add: [/usr/include/riscv64-linux-gnu/c++/9]
    add: [/usr/include/c++/9/backward]
    add: [/usr/lib/gcc/riscv64-linux-gnu/9/include]
    add: [/usr/local/include]
    add: [/usr/include/riscv64-linux-gnu]
    add: [/usr/include]
  end of search list found
  collapse include dir [/usr/include/c++/9] ==> [/usr/include/c++/9]
  collapse include dir [/usr/include/riscv64-linux-gnu/c++/9] ==> [/usr/include/riscv64-linux-gnu/c++/9]
  collapse include dir [/usr/include/c++/9/backward] ==> [/usr/include/c++/9/backward]
  collapse include dir [/usr/lib/gcc/riscv64-linux-gnu/9/include] ==> [/usr/lib/gcc/riscv64-linux-gnu/9/include]
  collapse include dir [/usr/local/include] ==> [/usr/local/include]
  collapse include dir [/usr/include/riscv64-linux-gnu] ==> [/usr/include/riscv64-linux-gnu]
  collapse include dir [/usr/include] ==> [/usr/include]
  implicit include dirs: [/usr/include/c++/9;/usr/include/riscv64-linux-gnu/c++/9;/usr/include/c++/9/backward;/usr/lib/gcc/riscv64-linux-gnu/9/include;/usr/local/include;/usr/include/riscv64-linux-gnu;/usr/include]


Parsed CXX implicit link information from above output:
  link line regex: [^( *|.*[/\])(ld|CMAKE_LINK_STARTFILE-NOTFOUND|([^/\]+-)?ld|collect2)[^/\]*( |$)]
  ignore line: [Change Dir: /workspace/build_rv/CMakeFiles/CMakeTmp]
  ignore line: []
  ignore line: [Run Build Command(s):/usr/bin/make cmTC_2cb47/fast && /usr/bin/make -f CMakeFiles/cmTC_2cb47.dir/build.make CMakeFiles/cmTC_2cb47.dir/build]
  ignore line: [make[1]: Entering directory '/workspace/build_rv/CMakeFiles/CMakeTmp']
  ignore line: [Building CXX object CMakeFiles/cmTC_2cb47.dir/CMakeCXXCompilerABI.cpp.o]
  ignore line: [/usr/bin/c++    -v -o CMakeFiles/cmTC_2cb47.dir/CMakeCXXCompilerABI.cpp.o -c /usr/share/cmake-3.16/Modules/CMakeCXXCompilerABI.cpp]
  ignore line: [Using built-in specs.]
  ignore line: [COLLECT_GCC=/usr/bin/c++]
  ignore line: [Target: riscv64-linux-gnu]
  ignore line: [Configured with: ../src/configure -v --with-pkgversion='Ubuntu 9.4.0-1ubuntu1~20.04.2' --with-bugurl=file:///usr/share/doc/gcc-9/README.Bugs --enable-languages=c ada c++ go d fortran objc obj-c++ gm2 --prefix=/usr --with-gcc-major-version-only --program-suffix=-9 --program-prefix=riscv64-linux-gnu- --enable-shared --enable-linker-build-id --libexecdir=/usr/lib --without-included-gettext --enable-threads=posix --libdir=/usr/lib --enable-nls --enable-clocale=gnu --enable-libstdcxx-debug --enable-libstdcxx-time=yes --with-default-libstdcxx-abi=new --enable-gnu-unique-object --disable-libitm --disable-libsanitizer --disable-libquadmath --disable-libquadmath-support --enable-plugin --enable-default-pie --with-system-zlib --with-target-system-zlib=auto --enable-objc-gc=auto --enable-multiarch --disable-werror --disable-multilib --with-arch=rv64imafdc --with-abi=lp64d --enable-checking=release --build=riscv64-linux-gnu --host=riscv64-linux-gnu --target=riscv64-linux-gnu]
  ignore line: [Thread model: posix]
  ignore line: [gcc version 9.4.0 (Ubuntu 9.4.0-1ubuntu1~20.04.2) ]
  ignore line: [COLLECT_GCC_OPTIONS='-v' '-o' 'CMakeFiles/cmTC_2cb47.dir/CMakeCXXCompilerABI.cpp.o' '-c' '-shared-libgcc' '-march=rv64imafdc' '-mabi=lp64d']
  ignore line: [ /usr/lib/gcc/riscv64-linux-gnu/9/cc1plus -quiet -v -imultilib . -imultiarch riscv64-linux-gnu -D_GNU_SOURCE /usr/share/cmake-3.16/Modules/CMakeCXXCompilerABI.cpp -quiet -dumpbase CMakeCXXCompilerABI.cpp -march=rv64imafdc -mabi=lp64d -auxbase-strip CMakeFiles/cmTC_2cb47.dir/CMakeCXXCompilerABI.cpp.o -version -fstack-protector-strong -Wformat -Wformat-security -o /tmp/ccFdXHns.s]
  ignore line: [GNU C++14 (Ubuntu 9.4.0-1ubuntu1~20.04.2) version 9.4.0 (riscv64-linux-gnu)]
  ignore line: [	compiled by GNU C version 9.4.0  GMP version 6.2.0  MPFR version 4.0.2  MPC version 1.1.0  isl version isl-0.22.1-GMP]
  ignore line: []
  ignore line: [GGC heuristics: --param ggc-min-expand=100 --param ggc-min-heapsize=131072]
  ignore line: [ignoring duplicate directory "/usr/include/riscv64-linux-gnu/c++/9"]
  ignore line: [ignoring nonexistent directory "/usr/local/include/riscv64-linux-gnu"]
  ignore line: [ignoring nonexistent directory "/usr/lib/gcc/riscv64-linux-gnu/9/include-fixed"]
  ignore line: [ignoring nonexistent directory "/usr/lib/gcc/riscv64-linux-gnu/9/../../../../riscv64-linux-gnu/include"]
  ignore line: [#include "..." search starts here:]
  ignore line: [#include <...> search starts here:]
  ignore line: [ /usr/include/c++/9]
  ignore line: [ /usr/include/riscv64-linux-gnu/c++/9]
  ignore line: [ /usr/include/c++/9/backward]
  ignore line: [ /usr/lib/gcc/riscv64-linux-gnu/9/include]
  ignore line: [ /usr/local/include]
  ignore line: [ /usr/include/riscv64-linux-gnu]
  ignore line: [ /usr/include]
  ignore line: [End of search list.]
  ignore line: [GNU C++14 (Ubuntu 9.4.0-1ubuntu1~20.04.2) version 9.4.0 (riscv64-linux-gnu)]
  ignore line: [	compiled by GNU C version 9.4.0  GMP version 6.2.0  MPFR version 4.0.2  MPC version 1.1.0  isl version isl-0.22.1-GMP]
  ignore line: []
  ignore line: [GGC heuristics: --param ggc-min-expand=100 --param ggc-min-heapsize=131072]
  ignore line: [Compiler executable checksum: 6deccc2dfb016a552d767eab3964964e]
  ignore line: [COLLECT_GCC_OPTIONS='-v' '-o' 'CMakeFiles/cmTC_2cb47.dir/CMakeCXXCompilerABI.cpp.o' '-c' '-shared-libgcc' '-march=rv64imafdc' '-mabi=lp64d']
  ignore line: [ as -v --traditional-format -fpic -march=rv64imafdc -mabi=lp64d -o CMakeFiles/cmTC_2cb47.dir/CMakeCXXCompilerABI.cpp.o /tmp/ccFdXHns.s]
  ignore line: [GNU assembler version 2.34 (riscv64-linux-gnu) using BFD version (GNU Binutils for Ubuntu) 2.34]
  ignore line: [COMPILER_PATH=/usr/lib/gcc/riscv64-linux-gnu/9/:/usr/lib/gcc/riscv64-linux-gnu/9/:/usr/lib/gcc/riscv64-linux-gnu/:/usr/lib/gcc/riscv64-linux-gnu/9/:/usr/lib/gcc/riscv64-linux-gnu/]
  ignore line: [LIBRARY_PATH=/usr/lib/gcc/riscv64-linux-gnu/9/:/lib/riscv64-linux-gnu/:/lib/:/usr/lib/riscv64-linux-gnu/:/usr/lib/]
  ignore line: [COLLECT_GCC_OPTIONS='-v' '-o' 'CMakeFiles/cmTC_2cb47.dir/CMakeCXXCompilerABI.cpp.o' '-c' '-shared-libgcc' '-march=rv64imafdc' '-mabi=lp64d']
  ignore line: [Linking CXX executable cmTC_2cb47]
  ignore line: [/usr/bin/cmake -E cmake_link_script CMakeFiles/cmTC_2cb47.dir/link.txt --verbose=1]
  ignore line: [/usr/bin/c++      -v CMakeFiles/cmTC_2cb47.dir/CMakeCXXCompilerABI.cpp.o  -o cmTC_2cb47 ]
  ignore line: [Using built-in specs.]
  ignore line: [COLLECT_GCC=/usr/bin/c++]
  ignore line: [COLLECT_LTO_WRAPPER=/usr/lib/gcc/riscv64-linux-gnu/9/lto-wrapper]
  ignore line: [Target: riscv64-linux-gnu]
  ignore line: [Configured with: ../src/configure -v --with-pkgversion='Ubuntu 9.4.0-1ubuntu1~20.04.2' --with-bugurl=file:///usr/share/doc/gcc-9/README.Bugs --enable-languages=c ada c++ go d fortran objc obj-c++ gm2 --prefix=/usr --with-gcc-major-version-only --program-suffix=-9 --program-prefix=riscv64-linux-gnu- --enable-shared --enable-linker-build-id --libexecdir=/usr/lib --without-included-gettext --enable-threads=posix --libdir=/usr/lib --enable-nls --enable-clocale=gnu --enable-libstdcxx-debug --enable-libstdcxx-time=yes --with-default-libstdcxx-abi=new --enable-gnu-unique-object --disable-libitm --disable-libsanitizer --disable-libquadmath --disable-libquadmath-support --enable-plugin --enable-default-pie --with-system-zlib --with-target-system-zlib=auto --enable-objc-gc=auto --enable-multiarch --disable-werror --disable-multilib --with-arch=rv64imafdc --with-abi=lp64d --enable-checking=release --build=riscv64-linux-gnu --host=riscv64-linux-gnu --target=riscv64-linux-gnu]
  ignore line: [Thread model: posix]
  ignore line: [gcc version 9.4.0 (Ubuntu 9.4.0-1ubuntu1~20.04.2) ]
  ignore line: [COMPILER_PATH=/usr/lib/gcc/riscv64-linux-gnu/9/:/usr/lib/gcc/riscv64-linux-gnu/9/:/usr/lib/gcc/riscv64-linux-gnu/:/usr/lib/gcc/riscv64-linux-gnu/9/:/usr/lib/gcc/riscv64-linux-gnu/]
  ignore line: [LIBRARY_PATH=/usr/lib/gcc/riscv64-linux-gnu/9/:/lib/riscv64-linux-gnu/:/lib/:/usr/lib/riscv64-linux-gnu/:/usr/lib/]
  ignore line: [COLLECT_GCC_OPTIONS='-v' '-o' 'cmTC_2cb47' '-shared-libgcc' '-march=rv64imafdc' '-mabi=lp64d']
  link line: [ /usr/lib/gcc/riscv64-linux-gnu/9/collect2 -plugin /usr/lib/gcc/riscv64-linux-gnu/9/liblto_plugin.so -plugin-opt=/usr/lib/gcc/riscv64-linux-gnu/9/lto-wrapper -plugin-opt=-fresolution=/tmp/ccZknl3R.res -plugin-opt=-pass-through=-lgcc_s -plugin-opt=-pass-through=-lgcc -plugin-opt=-pass-through=-lc -plugin-opt=-pass-through=-lgcc_s -plugin-opt=-pass-through=-lgcc --build-id --eh-frame-hdr -hash-style=gnu --as-needed -melf64lriscv -dynamic-linker /lib/ld-linux-riscv64-lp64d.so.1 -pie -z now -z relro -o cmTC_2cb47 /lib/riscv64-linux-gnu/Scrt1.o /usr/lib/gcc/riscv64-linux-gnu/9/crti.o /usr/lib/gcc/riscv64-linux-gnu/9/crtbeginS.o -L/usr/lib/gcc/riscv64-linux-gnu/9 -L/lib/riscv64-linux-gnu -L/usr/lib/riscv64-linux-gnu CMakeFiles/cmTC_2cb47.dir/CMakeCXXCompilerABI.cpp.o -lstdc++ -lm -lgcc_s -lgcc -lc -lgcc_s -lgcc /usr/lib/gcc/riscv64-linux-gnu/9/crtendS.o /usr/lib/gcc/riscv64-linux-gnu/9/crtn.o]
    arg [/usr/lib/gcc/riscv64-linux-gnu/9/collect2] ==> ignore
    arg [-plugin] ==> ignore
    arg [/usr/lib/gcc/riscv64-linux-gnu/9/liblto_plugin.so] ==> ignore
    arg [-plugin-opt=/usr/lib/gcc/riscv64-linux-gnu/9/lto-wrapper] ==> ignore
    arg [-plugin-opt=-fresolution=/tmp/ccZknl3R.res] ==> ignore
    arg [-plugin-opt=-pass-through=-lgcc_s] ==> ignore
    arg [-plugin-opt=-pass-through=-lgcc] ==> ignore
    arg [-plugin-opt=-pass-through=-lc] ==> ignore
    arg [-plugin-opt=-pass-through=-lgcc_s] ==> ignore
    arg [-plugin-opt=-pass-through=-lgcc] ==> ignore
    arg [--build-id] ==> ignore
    arg [--eh-frame-hdr] ==> ignore
    arg [-hash-style=gnu] ==> ignore
    arg [--as-needed] ==> ignore
    arg [-melf64lriscv] ==> ignore
    arg [-dynamic-linker] ==> ignore
    arg [/lib/ld-linux-riscv64-lp64d.so.1] ==> ignore
    arg [-pie] ==> ignore
    arg [-znow] ==> ignore
    arg [-zrelro] ==> ignore
    arg [-o] ==> ignore
    arg [cmTC_2cb47] ==> ignore
    arg [/lib/riscv64-linux-gnu/Scrt1.o] ==> ignore
    arg [/usr/lib/gcc/riscv64-linux-gnu/9/crti.o] ==> ignore
    arg [/usr/lib/gcc/riscv64-linux-gnu/9/crtbeginS.o] ==> ignore
    arg [-L/usr/lib/gcc/riscv64-linux-gnu/9] ==> dir [/usr/lib/gcc/riscv64-linux-gnu/9]
    arg [-L/lib/riscv64-linux-gnu] ==> dir [/lib/riscv64-linux-gnu]
    arg [-L/usr/lib/riscv64-linux-gnu] ==> dir [/usr/lib/riscv64-linux-gnu]
    arg [CMakeFiles/cmTC_2cb47.dir/CMakeCXXCompilerABI.cpp.o] ==> ignore
    arg [-lstdc++] ==> lib [stdc++]
    arg [-lm] ==> lib [m]
    arg [-lgcc_s] ==> lib [gcc_s]
    arg [-lgcc] ==> lib [gcc]
    arg [-lc] ==> lib [c]
    arg [-lgcc_s] ==> lib [gcc_s]
    arg [-lgcc] ==> lib [gcc]
    arg [/usr/lib/gcc/riscv64-linux-gnu/9/crtendS.o] ==> ignore
    arg [/usr/lib/gcc/riscv64-linux-gnu/9/crtn.o] ==> ignore
  collapse library dir [/usr/lib/gcc/riscv64-linux-gnu/9] ==> [/usr/lib/gcc/riscv64-linux-gnu/9]
  collapse library dir [/lib/riscv64-linux-gnu] ==> [/lib/riscv64-linux-gnu]
  collapse library dir [/usr/lib/riscv64-linux-gnu] ==> [/usr/lib/riscv64-linux-gnu]
  implicit libs: [stdc++;m;gcc_s;gcc;c;gcc_s;gcc]
  implicit dirs: [/usr/lib/gcc/riscv64-linux-gnu/9;/lib/riscv64-linux-gnu;/usr/lib/riscv64-linux-gnu]
  implicit fwks: []


